<?xml version="1.0" encoding="UTF-8"?>
<testng-results skipped="0" failed="0" total="1" passed="1">
  <reporter-output>
  </reporter-output>
  <suite name="Default suite" duration-ms="12662" started-at="2021-10-07T12:39:01Z" finished-at="2021-10-07T12:39:13Z">
    <groups>
      <group name="cucumber">
        <method signature="AbstractTestNGCucumberTests.feature(cucumber.api.testng.CucumberFeatureWrapper)[pri:0, instance:testRunner.Runner@4b0b0854]" name="feature" class="cucumber.api.testng.AbstractTestNGCucumberTests"/>
      </group> <!-- cucumber -->
    </groups>
    <test name="Default test" duration-ms="12662" started-at="2021-10-07T12:39:01Z" finished-at="2021-10-07T12:39:13Z">
      <class name="testRunner.Runner">
        <test-method status="PASS" signature="setUpClass()[pri:0, instance:testRunner.Runner@4b0b0854]" name="setUpClass" is-config="true" duration-ms="535" started-at="2021-10-07T18:09:01Z" finished-at="2021-10-07T18:09:01Z">
          <reporter-output>
          </reporter-output>
        </test-method> <!-- setUpClass -->
        <test-method status="PASS" signature="feature(cucumber.api.testng.CucumberFeatureWrapper)[pri:0, instance:testRunner.Runner@4b0b0854]" name="feature" duration-ms="11936" started-at="2021-10-07T18:09:01Z" description="Runs Cucumber Feature" data-provider="features" finished-at="2021-10-07T18:09:13Z">
          <params>
            <param index="0">
              <value>
                <![CDATA[Test ApparelStore smoke scenario]]>
              </value>
            </param>
          </params>
          <reporter-output>
          </reporter-output>
        </test-method> <!-- feature -->
        <test-method status="PASS" signature="tearDownClass()[pri:0, instance:testRunner.Runner@4b0b0854]" name="tearDownClass" is-config="true" duration-ms="36" started-at="2021-10-07T18:09:13Z" finished-at="2021-10-07T18:09:13Z">
          <reporter-output>
          </reporter-output>
        </test-method> <!-- tearDownClass -->
      </class> <!-- testRunner.Runner -->
    </test> <!-- Default test -->
  </suite> <!-- Default suite -->
</testng-results>
